e:\dropbox\programming\cupcakes\vbssketch\cvsketch\ide\vs2015\cvsketch\x64\release\vc140.pdb
e:\dropbox\programming\cupcakes\vbssketch\cvsketch\ide\vs2015\cvsketch\x64\release\segmentation.obj
e:\dropbox\programming\cupcakes\vbssketch\cvsketch\ide\vs2015\cvsketch\x64\release\matching.obj
e:\dropbox\programming\cupcakes\vbssketch\cvsketch\ide\vs2015\cvsketch\x64\release\cvsketch.obj
e:\dropbox\programming\cupcakes\vbssketch\cvsketch\ide\vs2015\cvsketch\x64\release\tools.obj
e:\dropbox\programming\cupcakes\vbssketch\cvsketch\ide\vs2015\cvsketch\x64\release\seedsrevised.obj
e:\dropbox\programming\cupcakes\vbssketch\cvsketch\ide\vs2015\cvsketch\x64\release\texture.obj
e:\dropbox\programming\cupcakes\vbssketch\cvsketch\ide\vs2015\cvsketch\x64\release\histogram.obj
e:\dropbox\programming\cupcakes\vbssketch\cvsketch\ide\vs2015\cvsketch\x64\release\color.obj
e:\dropbox\programming\cupcakes\vbssketch\cvsketch\ide\vs2015\cvsketch\x64\release\cvsketch_demo.obj
e:\dropbox\programming\cupcakes\vbssketch\cvsketch\ide\vs2015\cvsketch\x64\release\ciede2000.obj
e:\dropbox\programming\cupcakes\vbssketch\cvsketch\ide\vs2015\x64\release\cvsketch.exe
e:\dropbox\programming\cupcakes\vbssketch\cvsketch\ide\vs2015\x64\release\cvsketch.ipdb
e:\dropbox\programming\cupcakes\vbssketch\cvsketch\ide\vs2015\x64\release\cvsketch.iobj
e:\dropbox\programming\cupcakes\vbssketch\cvsketch\ide\vs2015\x64\release\cvsketch.pdb
e:\dropbox\programming\cupcakes\vbssketch\cvsketch\ide\vs2015\cvsketch\x64\release\cvsketch.tlog\cl.command.1.tlog
e:\dropbox\programming\cupcakes\vbssketch\cvsketch\ide\vs2015\cvsketch\x64\release\cvsketch.tlog\cl.read.1.tlog
e:\dropbox\programming\cupcakes\vbssketch\cvsketch\ide\vs2015\cvsketch\x64\release\cvsketch.tlog\cl.write.1.tlog
e:\dropbox\programming\cupcakes\vbssketch\cvsketch\ide\vs2015\cvsketch\x64\release\cvsketch.tlog\link.command.1.tlog
e:\dropbox\programming\cupcakes\vbssketch\cvsketch\ide\vs2015\cvsketch\x64\release\cvsketch.tlog\link.read.1.tlog
e:\dropbox\programming\cupcakes\vbssketch\cvsketch\ide\vs2015\cvsketch\x64\release\cvsketch.tlog\link.write.1.tlog
