e:\dropbox\programming\cupcakes\vbssketch\cvsketch\ide\vs2015\cvsketch\x64\debug\vc140.pdb
e:\dropbox\programming\cupcakes\vbssketch\cvsketch\ide\vs2015\cvsketch\x64\debug\vc140.idb
e:\dropbox\programming\cupcakes\vbssketch\cvsketch\ide\vs2015\cvsketch\x64\debug\main.obj
e:\dropbox\programming\cupcakes\vbssketch\cvsketch\ide\vs2015\cvsketch\x64\debug\cvsketch_demo.obj
e:\dropbox\programming\cupcakes\vbssketch\cvsketch\ide\vs2015\cvsketch\x64\debug\color.obj
e:\dropbox\programming\cupcakes\vbssketch\cvsketch\ide\vs2015\cvsketch\x64\debug\histogram.obj
e:\dropbox\programming\cupcakes\vbssketch\cvsketch\ide\vs2015\cvsketch\x64\debug\texture.obj
e:\dropbox\programming\cupcakes\vbssketch\cvsketch\ide\vs2015\cvsketch\x64\debug\cvsketch.obj
e:\dropbox\programming\cupcakes\vbssketch\cvsketch\ide\vs2015\cvsketch\x64\debug\seedsrevised.obj
e:\dropbox\programming\cupcakes\vbssketch\cvsketch\ide\vs2015\cvsketch\x64\debug\tools.obj
e:\dropbox\programming\cupcakes\vbssketch\cvsketch\ide\vs2015\cvsketch\x64\debug\segmentation.obj
e:\dropbox\programming\cupcakes\vbssketch\cvsketch\ide\vs2015\cvsketch\x64\debug\matching.obj
e:\dropbox\programming\cupcakes\vbssketch\cvsketch\ide\vs2015\cvsketch\x64\debug\ciede2000.obj
e:\dropbox\programming\cupcakes\vbssketch\cvsketch\ide\vs2015\cvsketch\x64\debug\histmap.obj
e:\dropbox\programming\cupcakes\vbssketch\cvsketch\ide\vs2015\x64\debug\cvsketch.ilk
e:\dropbox\programming\cupcakes\vbssketch\cvsketch\ide\vs2015\x64\debug\cvsketch.exe
e:\dropbox\programming\cupcakes\vbssketch\cvsketch\ide\vs2015\x64\debug\cvsketch.pdb
e:\dropbox\programming\cupcakes\vbssketch\cvsketch\ide\vs2015\cvsketch\x64\debug\cvsketch.tlog\cl.command.1.tlog
e:\dropbox\programming\cupcakes\vbssketch\cvsketch\ide\vs2015\cvsketch\x64\debug\cvsketch.tlog\cl.read.1.tlog
e:\dropbox\programming\cupcakes\vbssketch\cvsketch\ide\vs2015\cvsketch\x64\debug\cvsketch.tlog\cl.write.1.tlog
e:\dropbox\programming\cupcakes\vbssketch\cvsketch\ide\vs2015\cvsketch\x64\debug\cvsketch.tlog\link.command.1.tlog
e:\dropbox\programming\cupcakes\vbssketch\cvsketch\ide\vs2015\cvsketch\x64\debug\cvsketch.tlog\link.read.1.tlog
e:\dropbox\programming\cupcakes\vbssketch\cvsketch\ide\vs2015\cvsketch\x64\debug\cvsketch.tlog\link.write.1.tlog
